<?xml version="1.0" encoding="UTF-8"?>
<testng-results skipped="0" failed="0" total="1" passed="1">
  <reporter-output>
  </reporter-output>
  <suite name="Fill Form" duration-ms="37468" started-at="2019-09-18T17:53:15Z" finished-at="2019-09-18T17:53:52Z">
    <groups>
    </groups>
    <test name="Fill Form Test" duration-ms="37468" started-at="2019-09-18T17:53:15Z" finished-at="2019-09-18T17:53:52Z">
      <class name="com.test.FillForm.FillForm">
        <test-method status="PASS" signature="setUp()[pri:0, instance:com.test.FillForm.FillForm@6adca536]" name="setUp" is-config="true" duration-ms="33690" started-at="2019-09-18T23:23:15Z" finished-at="2019-09-18T23:23:48Z">
          <reporter-output>
          </reporter-output>
        </test-method> <!-- setUp -->
        <test-method status="PASS" signature="test()[pri:0, instance:com.test.FillForm.FillForm@6adca536]" name="test" duration-ms="2805" started-at="2019-09-18T23:23:48Z" finished-at="2019-09-18T23:23:51Z">
          <reporter-output>
          </reporter-output>
        </test-method> <!-- test -->
        <test-method status="PASS" signature="tearDown()[pri:0, instance:com.test.FillForm.FillForm@6adca536]" name="tearDown" is-config="true" duration-ms="948" started-at="2019-09-18T23:23:51Z" finished-at="2019-09-18T23:23:52Z">
          <reporter-output>
          </reporter-output>
        </test-method> <!-- tearDown -->
      </class> <!-- com.test.FillForm.FillForm -->
    </test> <!-- Fill Form Test -->
  </suite> <!-- Fill Form -->
</testng-results>
